<?xml version="1.0" encoding="UTF-8"?>
<!-- Generated by org.testng.reporters.JUnitReportReporter -->
<testsuite hostname="Shepard" name="selenium_training.LoginTest" tests="1" failures="0" timestamp="28 Jun 2015 22:44:58 GMT" time="52.023" errors="0">
  <testcase name="testUntitled" time="52.023" classname="selenium_training.LoginTest"/>
</testsuite> <!-- selenium_training.LoginTest -->
